anta get inventory -u cvpadmin -p cvp123! -i /home/coder/labfiles/dual-dc-evpn-3spines/anta_inventory.yml --connected
Current inventory content is:
{
    'Site1-S1': AsyncEOSDevice(
        name='Site1-S1',
        tags={'Site1-S1', 'Site1', 'SPINE'},
        hw_model='vEOS-lab',
        is_online=True,
        established=True,
        disable_cache=False,
        host='192.168.0.10',
        eapi_port=443,
        username='cvpadmin',
        enable=False,
        insecure=False
    ),
    'Site1-S2': AsyncEOSDevice(
        name='Site1-S2',
        tags={'Site1-S2', 'Site1', 'SPINE'},
        hw_model='vEOS-lab',
        is_online=True,
        established=True,
        disable_cache=False,
        host='192.168.0.11',
        eapi_port=443,
        username='cvpadmin',
        enable=False,
        insecure=False
    ),
    'Site1-S3': AsyncEOSDevice(
        name='Site1-S3',
        tags={'Site1-S3', 'Site1', 'SPINE'},
        hw_model='vEOS-lab',
        is_online=True,
        established=True,
        disable_cache=False,
        host='192.168.0.12',
        eapi_port=443,
        username='cvpadmin',
        enable=False,
        insecure=False
    ),
    'Site1-L1': AsyncEOSDevice(
        name='Site1-L1',
        tags={'Site1-L1', 'LEAF', 'Site1'},
        hw_model='vEOS-lab',
        is_online=True,
        established=True,
        disable_cache=False,
        host='192.168.0.13',
        eapi_port=443,
        username='cvpadmin',
        enable=False,
        insecure=False
    ),
    'Site1-L2': AsyncEOSDevice(
        name='Site1-L2',
        tags={'LEAF', 'Site1', 'Site1-L2'},
        hw_model='vEOS-lab',
        is_online=True,
        established=True,
        disable_cache=False,
        host='192.168.0.14',
        eapi_port=443,
        username='cvpadmin',
        enable=False,
        insecure=False
    ),
    'Site1-L3': AsyncEOSDevice(
        name='Site1-L3',
        tags={'Site1-L3', 'LEAF', 'Site1'},
        hw_model='vEOS-lab',
        is_online=True,
        established=True,
        disable_cache=False,
        host='192.168.0.15',
        eapi_port=443,
        username='cvpadmin',
        enable=False,
        insecure=False
    ),
    'Site1-L4': AsyncEOSDevice(
        name='Site1-L4',
        tags={'Site1-L4', 'LEAF', 'Site1'},
        hw_model='vEOS-lab',
        is_online=True,
        established=True,
        disable_cache=False,
        host='192.168.0.16',
        eapi_port=443,
        username='cvpadmin',
        enable=False,
        insecure=False
    ),
    'Site1-BGW1': AsyncEOSDevice(
        name='Site1-BGW1',
        tags={'Site1-BGW1', 'LEAF', 'Site1'},
        hw_model='vEOS-lab',
        is_online=True,
        established=True,
        disable_cache=False,
        host='192.168.0.17',
        eapi_port=443,
        username='cvpadmin',
        enable=False,
        insecure=False
    ),
    'Site1-BGW2': AsyncEOSDevice(
        name='Site1-BGW2',
        tags={'Site1-BGW2', 'LEAF', 'Site1'},
        hw_model='vEOS-lab',
        is_online=True,
        established=True,
        disable_cache=False,
        host='192.168.0.18',
        eapi_port=443,
        username='cvpadmin',
        enable=False,
        insecure=False
    ),
    'Site1-BGW3': AsyncEOSDevice(
        name='Site1-BGW3',
        tags={'LEAF', 'Site1', 'Site1-BGW3'},
        hw_model='vEOS-lab',
        is_online=True,
        established=True,
        disable_cache=False,
        host='192.168.0.19',
        eapi_port=443,
        username='cvpadmin',
        enable=False,
        insecure=False
    ),
    'Site2-S1': AsyncEOSDevice(
        name='Site2-S1',
        tags={'Site2-S1', 'Site2', 'SPINE'},
        hw_model='vEOS-lab',
        is_online=True,
        established=True,
        disable_cache=False,
        host='192.168.0.20',
        eapi_port=443,
        username='cvpadmin',
        enable=False,
        insecure=False
    ),
    'Site2-S2': AsyncEOSDevice(
        name='Site2-S2',
        tags={'Site2-S2', 'Site2', 'SPINE'},
        hw_model='vEOS-lab',
        is_online=True,
        established=True,
        disable_cache=False,
        host='192.168.0.21',
        eapi_port=443,
        username='cvpadmin',
        enable=False,
        insecure=False
    ),
    'Site2-S3': AsyncEOSDevice(
        name='Site2-S3',
        tags={'Site2-S3', 'Site2', 'SPINE'},
        hw_model='vEOS-lab',
        is_online=True,
        established=True,
        disable_cache=False,
        host='192.168.0.22',
        eapi_port=443,
        username='cvpadmin',
        enable=False,
        insecure=False
    ),
    'Site2-L1': AsyncEOSDevice(
        name='Site2-L1',
        tags={'Site2-L1', 'LEAF', 'Site2'},
        hw_model='vEOS-lab',
        is_online=True,
        established=True,
        disable_cache=False,
        host='192.168.0.23',
        eapi_port=443,
        username='cvpadmin',
        enable=False,
        insecure=False
    ),
    'Site2-L2': AsyncEOSDevice(
        name='Site2-L2',
        tags={'Site2-L2', 'LEAF', 'Site2'},
        hw_model='vEOS-lab',
        is_online=True,
        established=True,
        disable_cache=False,
        host='192.168.0.24',
        eapi_port=443,
        username='cvpadmin',
        enable=False,
        insecure=False
    ),
    'Site2-L3': AsyncEOSDevice(
        name='Site2-L3',
        tags={'LEAF', 'Site2', 'Site2-L3'},
        hw_model='vEOS-lab',
        is_online=True,
        established=True,
        disable_cache=False,
        host='192.168.0.25',
        eapi_port=443,
        username='cvpadmin',
        enable=False,
        insecure=False
    ),
    'Site2-L4': AsyncEOSDevice(
        name='Site2-L4',
        tags={'LEAF', 'Site2', 'Site2-L4'},
        hw_model='vEOS-lab',
        is_online=True,
        established=True,
        disable_cache=False,
        host='192.168.0.26',
        eapi_port=443,
        username='cvpadmin',
        enable=False,
        insecure=False
    ),
    'Site2-BGW1': AsyncEOSDevice(
        name='Site2-BGW1',
        tags={'Site2-BGW1', 'LEAF', 'Site2'},
        hw_model='vEOS-lab',
        is_online=True,
        established=True,
        disable_cache=False,
        host='192.168.0.27',
        eapi_port=443,
        username='cvpadmin',
        enable=False,
        insecure=False
    ),
    'Site2-BGW2': AsyncEOSDevice(
        name='Site2-BGW2',
        tags={'LEAF', 'Site2', 'Site2-BGW2'},
        hw_model='vEOS-lab',
        is_online=True,
        established=True,
        disable_cache=False,
        host='192.168.0.28',
        eapi_port=443,
        username='cvpadmin',
        enable=False,
        insecure=False
    ),
    'Site2-BGW3': AsyncEOSDevice(
        name='Site2-BGW3',
        tags={'Site2-BGW3', 'LEAF', 'Site2'},
        hw_model='vEOS-lab',
        is_online=True,
        established=True,
        disable_cache=False,
        host='192.168.0.29',
        eapi_port=443,
        username='cvpadmin',
        enable=False,
        insecure=False
    ),
    'DCI-1': AsyncEOSDevice(
        name='DCI-1',
        tags={'DCI', 'CORE', 'DCI-1'},
        hw_model='vEOS-lab',
        is_online=True,
        established=True,
        disable_cache=False,
        host='192.168.0.100',
        eapi_port=443,
        username='cvpadmin',
        enable=False,
        insecure=False
    ),
    'DCI-2': AsyncEOSDevice(
        name='DCI-2',
        tags={'DCI-2', 'DCI', 'CORE'},
        hw_model='vEOS-lab',
        is_online=True,
        established=True,
        disable_cache=False,
        host='192.168.0.101',
        eapi_port=443,
        username='cvpadmin',
        enable=False,
        insecure=False
    ),
    'DCI-3': AsyncEOSDevice(
        name='DCI-3',
        tags={'DCI', 'CORE', 'DCI-3'},
        hw_model='vEOS-lab',
        is_online=True,
        established=True,
        disable_cache=False,
        host='192.168.0.102',
        eapi_port=443,
        username='cvpadmin',
        enable=False,
        insecure=False
    )
}
